{
  "RSpec": {
    "coverage": {
      "/home/mithesh/Mithesh/Projects/todos-api/app/lib/api_version.rb": {
        "lines": [
          1,
          1,
          null,
          1,
          2,
          2,
          null,
          null,
          null,
          1,
          31,
          null,
          null,
          1,
          null,
          1,
          null,
          31,
          31,
          null,
          null
        ]
      },
      "/home/mithesh/Mithesh/Projects/todos-api/app/auth/authenticate_user.rb": {
        "lines": [
          1,
          1,
          7,
          7,
          null,
          null,
          null,
          1,
          7,
          null,
          null,
          1,
          null,
          1,
          null,
          null,
          1,
          12,
          12,
          null,
          2,
          null,
          null
        ]
      },
      "/home/mithesh/Mithesh/Projects/todos-api/app/auth/authorize_api_request.rb": {
        "lines": [
          1,
          1,
          36,
          null,
          null,
          null,
          1,
          null,
          null,
          36,
          null,
          null,
          1,
          null,
          1,
          null,
          1,
          null,
          null,
          36,
          null,
          null,
          null,
          1,
          null,
          1,
          null,
          null,
          null,
          null,
          1,
          68,
          null,
          null,
          null,
          1,
          36,
          34,
          null,
          2,
          null,
          null
        ]
      },
      "/home/mithesh/Mithesh/Projects/todos-api/app/controllers/application_controller.rb": {
        "lines": [
          1,
          1,
          1,
          null,
          null,
          1,
          1,
          null,
          1,
          null,
          null,
          1,
          31,
          null,
          null
        ]
      },
      "/home/mithesh/Mithesh/Projects/todos-api/app/controllers/concerns/response.rb": {
        "lines": [
          1,
          1,
          30,
          null,
          null
        ]
      },
      "/home/mithesh/Mithesh/Projects/todos-api/app/controllers/concerns/exception_handler.rb": {
        "lines": [
          1,
          1,
          null,
          null,
          1,
          1,
          1,
          null,
          1,
          null,
          1,
          1,
          1,
          1,
          null,
          1,
          8,
          null,
          null,
          null,
          1,
          null,
          null,
          1,
          6,
          null,
          null,
          null,
          1,
          1,
          null,
          null
        ]
      },
      "/home/mithesh/Mithesh/Projects/todos-api/app/controllers/authentication_controller.rb": {
        "lines": [
          1,
          1,
          null,
          null,
          1,
          2,
          null,
          1,
          null,
          null,
          1,
          null,
          1,
          4,
          null,
          null
        ]
      },
      "/home/mithesh/Mithesh/Projects/todos-api/app/controllers/v1/items_controller.rb": {
        "lines": [
          1,
          1,
          1,
          1,
          null,
          null,
          1,
          2,
          null,
          null,
          null,
          1,
          2,
          null,
          null,
          null,
          1,
          3,
          1,
          null,
          null,
          null,
          1,
          2,
          2,
          null,
          null,
          null,
          1,
          1,
          1,
          null,
          null,
          1,
          null,
          1,
          5,
          null,
          null,
          1,
          16,
          null,
          null,
          1,
          9,
          null,
          null,
          null
        ]
      },
      "/home/mithesh/Mithesh/Projects/todos-api/app/controllers/v1/todos_controller.rb": {
        "lines": [
          1,
          1,
          1,
          null,
          null,
          1,
          2,
          2,
          null,
          null,
          null,
          1,
          4,
          2,
          null,
          null,
          null,
          1,
          2,
          null,
          null,
          null,
          1,
          2,
          2,
          null,
          null,
          null,
          1,
          1,
          1,
          null,
          null,
          1,
          null,
          1,
          null,
          6,
          null,
          null,
          1,
          7,
          null,
          null,
          null
        ]
      },
      "/home/mithesh/Mithesh/Projects/todos-api/app/controllers/users_controller.rb": {
        "lines": [
          1,
          1,
          null,
          null,
          null,
          1,
          5,
          3,
          3,
          3,
          null,
          null,
          1,
          null,
          1,
          5,
          null,
          null,
          null,
          null,
          null,
          null,
          null
        ]
      },
      "/home/mithesh/Mithesh/Projects/todos-api/app/controllers/v2/todos_controller.rb": {
        "lines": [
          1,
          1,
          0,
          null,
          null,
          null
        ]
      },
      "/home/mithesh/Mithesh/Projects/todos-api/app/models/item.rb": {
        "lines": [
          1,
          null,
          1,
          null,
          null,
          1,
          null
        ]
      },
      "/home/mithesh/Mithesh/Projects/todos-api/app/models/application_record.rb": {
        "lines": [
          1,
          1,
          null
        ]
      },
      "/home/mithesh/Mithesh/Projects/todos-api/app/models/todo.rb": {
        "lines": [
          1,
          null,
          1,
          null,
          null,
          1,
          null
        ]
      },
      "/home/mithesh/Mithesh/Projects/todos-api/app/models/user.rb": {
        "lines": [
          1,
          null,
          1,
          null,
          null,
          1,
          null,
          1,
          null
        ]
      },
      "/home/mithesh/Mithesh/Projects/todos-api/app/lib/json_web_token.rb": {
        "lines": [
          1,
          null,
          1,
          null,
          1,
          null,
          45,
          null,
          45,
          null,
          null,
          1,
          null,
          34,
          32,
          null,
          null,
          null,
          2,
          null,
          null
        ]
      },
      "/home/mithesh/Mithesh/Projects/todos-api/app/lib/message.rb": {
        "lines": [
          1,
          1,
          0,
          null,
          null,
          1,
          2,
          null,
          null,
          1,
          1,
          null,
          null,
          1,
          2,
          null,
          null,
          1,
          0,
          null,
          null,
          1,
          3,
          null,
          null,
          1,
          0,
          null,
          null,
          1,
          0,
          null,
          null
        ]
      },
      "/home/mithesh/Mithesh/Projects/todos-api/app/serializers/todo_serializer.rb": {
        "lines": [
          1,
          null,
          1,
          null,
          1,
          null
        ]
      },
      "/home/mithesh/Mithesh/Projects/todos-api/app/jobs/application_job.rb": {
        "lines": [
          0,
          0
        ],
        "branches": {
        }
      },
      "/home/mithesh/Mithesh/Projects/todos-api/app/mailers/application_mailer.rb": {
        "lines": [
          0,
          0,
          0,
          0
        ],
        "branches": {
        }
      },
      "/home/mithesh/Mithesh/Projects/todos-api/app/channels/application_cable/channel.rb": {
        "lines": [
          0,
          0,
          0,
          0
        ],
        "branches": {
        }
      },
      "/home/mithesh/Mithesh/Projects/todos-api/app/channels/application_cable/connection.rb": {
        "lines": [
          0,
          0,
          0,
          0
        ],
        "branches": {
        }
      }
    },
    "timestamp": 1602048043
  }
}
